<?xml version="1.0" encoding="UTF-8"?>
<!-- Generated by org.testng.reporters.JUnitReportReporter -->
<testsuite hostname="Aarush-PC" name="com.qa.test.DemoTest002" tests="3" failures="0" timestamp="6 Nov 2018 11:23:35 GMT" time="0.004" errors="0">
  <testcase name="sum" time="0.001" classname="com.qa.test.DemoTest002"/>
  <testcase name="sub" time="0.001" classname="com.qa.test.DemoTest002"/>
  <testcase name="multipliction" time="0.002" classname="com.qa.test.DemoTest002"/>
</testsuite> <!-- com.qa.test.DemoTest002 -->
