<?xml version="1.0" encoding="UTF-8"?>
<!-- Generated by org.testng.reporters.JUnitReportReporter -->
<testsuite hostname="Aarush-PC" name="com.qa.test.DemoTest" tests="3" failures="0" timestamp="6 Nov 2018 11:23:35 GMT" time="0.023" errors="0">
  <testcase name="sub" time="0.001" classname="com.qa.test.DemoTest"/>
  <testcase name="multipliction" time="0.021" classname="com.qa.test.DemoTest"/>
  <testcase name="sum" time="0.001" classname="com.qa.test.DemoTest"/>
</testsuite> <!-- com.qa.test.DemoTest -->
